2019-01-17 10:23:16 INFO  DBdatacapreport:33 - **** Enter class EzJava
2019-01-17 10:23:16 INFO  DBdatacapreport:40 - **** Loaded the JDBC driver
2019-01-17 10:23:17 INFO  DBdatacapreport:45 - **** Created a JDBC connection to the data sourcecom.ibm.db2.jcc.t4.b@13d052
2019-01-17 10:23:17 INFO  DBdatacapreport:48 - **** Created JDBC Statement object
2019-01-17 10:23:17 INFO  DBdatacapreport:51 - **** Created JDBC ResultSet object
2019-01-17 10:23:17 INFO  DBdatacapreport:58 - Status of pending documents Count= 0
2019-01-17 10:23:17 INFO  DBdatacapreport:62 - **** Fetched all rows from JDBC ResultSet
2019-01-17 10:23:17 INFO  DBdatacapreport:65 - **** Closed JDBC ResultSet
2019-01-17 10:23:17 INFO  DBdatacapreport:68 - **** Closed JDBC Statement
2019-01-17 10:23:17 INFO  DBdatacapreport:71 - **** Transaction committed
2019-01-17 10:23:17 INFO  DBdatacapreport:74 - **** Disconnected from data source
2019-01-17 10:23:17 INFO  DBdatacapreport:76 - **** JDBC Exit from class EzJava - no errors
2019-01-17 10:23:17 INFO  EdelweissOperation:70 - com.mits.edelweis.export.FileNetConnection@b75bc0
2019-01-17 10:23:17 INFO  FileNetConnection:90 - Encry :::::::pw21B6B1CE113C07DB5206279B2BF29DE6
2019-01-17 10:23:17 INFO  FileNetConnection:92 - decryptPW :::::::pwmits123$
2019-01-17 10:23:18 INFO  ConfigValueLookup:135 - Configuration property file search order:
    user.dir = C:\Users\mitsind508\Desktop\Report Utility
    user.home = C:\Users\mitsind508
    java.home = C:\Program Files (x86)\Java\jdk1.7.0_17\jre
2019-01-17 10:23:18 INFO  ConfigValueLookup:135 - Loading configuration resource: FileNetBuild.properties
2019-01-17 10:23:18 INFO  AuthnUtil:25 - [J2EEType] Detecting app server : tried to get InitialContext but that did not work so will try other method; message from trial: Need to specify class name in environment or system property, or as an applet parameter, or in an application resource file:  java.naming.factory.initial
2019-01-17 10:23:18 WARN  J2EEUtil:467 - The code has NOT detected a need to introduce specific application server logic and is defaulting to using standard J2EE calls
2019-01-17 10:23:18 INFO  FileNetConnection:108 - true
2019-01-17 10:23:18 INFO  FileNetConnection:109 - VWSession=PECON
2019-01-17 10:23:18 INFO  FileNetConnection:110 - Log on succesful
2019-01-17 10:23:18 INFO  EdelweissOperation:72 - createPEConnection+++++++PECON
2019-01-17 10:23:18 INFO  EdelweissOperation:73 - this is session++++true
2019-01-17 10:23:18 INFO  EdelweissOperation:82 - wob param value:::::::::::::Prime Broking
2019-01-17 10:23:18 INFO  EdelweissOperation:83 - wob param value Client:::::::::::::TestClient
2019-01-17 10:23:18 INFO  EdelweissOperation:84 - wob param value PacketId:::::::::::::null
2019-01-17 10:23:18 INFO  EdelweissOperation:85 - value:::::::::::TestClient
2019-01-17 10:23:18 INFO  EdelweissOperation:101 - jsonObject::::::::::::::{"Status":"Dispatched","RecordName":"MLA","LOB":"Prime Broking","Product":"LAS","SBU":"Prime Services","TagDate":"01\/04\/2019 11:55:48","UniqueId":"TestClientLAS","ScanDate":"01\/04\/2019 11:55:48","Client":"TestClient","Entity":"Edelweiss Financial Services (UK) Limited"}
2019-01-17 10:23:18 INFO  EdelweissOperation:144 - date value Wed Jan 16 16:00:49 IST 2019
2019-01-17 10:23:18 INFO  EdelweissOperation:149 - field valuesDispatched
2019-01-17 10:23:18 INFO  EdelweissOperation:154 - field values after if
2019-01-17 10:23:18 INFO  EdelweissOperation:164 - Date of Archival:::::::::::Fri Jan 04 11:55:48 IST 2019
2019-01-17 10:23:18 INFO  EdelweissOperation:82 - wob param value:::::::::::::Prime Broking
2019-01-17 10:23:18 INFO  EdelweissOperation:83 - wob param value Client:::::::::::::TestClient
2019-01-17 10:23:18 INFO  EdelweissOperation:84 - wob param value PacketId:::::::::::::null
2019-01-17 10:23:18 INFO  EdelweissOperation:85 - value:::::::::::TestClient
2019-01-17 10:23:18 INFO  EdelweissOperation:101 - jsonObject::::::::::::::{"Status":"In Progress","RecordName":"MLA","LOB":"Prime Broking","Product":"LAS","SBU":"Prime Services","TagDate":"01\/04\/2019 11:55:48","UniqueId":"TestClientLAS","ScanDate":"01\/04\/2019 11:55:48","Client":"TestClient","Entity":"Edelweiss Securities (Hong Kong) Private Limited"}
2019-01-17 10:23:18 INFO  EdelweissOperation:144 - date value Wed Jan 16 16:01:50 IST 2019
2019-01-17 10:23:18 INFO  EdelweissOperation:149 - field valuesIn Progress
2019-01-17 10:23:18 INFO  EdelweissOperation:154 - field values after if
2019-01-17 10:23:18 INFO  EdelweissOperation:164 - Date of Archival:::::::::::Fri Jan 04 11:55:48 IST 2019
2019-01-17 10:23:18 INFO  EdelweissOperation:82 - wob param value:::::::::::::Prime Broking
2019-01-17 10:23:18 INFO  EdelweissOperation:83 - wob param value Client:::::::::::::TestClient
2019-01-17 10:23:18 INFO  EdelweissOperation:84 - wob param value PacketId:::::::::::::null
2019-01-17 10:23:18 INFO  EdelweissOperation:85 - value:::::::::::TestClient
2019-01-17 10:23:18 INFO  EdelweissOperation:101 - jsonObject::::::::::::::{"Status":"In Progress","RecordName":"DPN","LOB":"Prime Broking","Product":"LAS","SBU":"Prime Services","TagDate":"01\/04\/2019 11:55:48","UniqueId":"TestClientLAS","ScanDate":"01\/04\/2019 11:55:48","Client":"TestClient","Entity":"Edelweiss Financial Services Inc."}
2019-01-17 10:23:18 INFO  EdelweissOperation:144 - date value Wed Jan 16 17:43:04 IST 2019
2019-01-17 10:23:18 INFO  EdelweissOperation:149 - field valuesIn Progress
2019-01-17 10:23:18 INFO  EdelweissOperation:154 - field values after if
2019-01-17 10:23:18 INFO  EdelweissOperation:164 - Date of Archival:::::::::::Fri Jan 04 11:55:48 IST 2019
2019-01-17 10:23:18 INFO  EdelweissOperation:206 - JSONNarray:::::[{"Status":"Dispatched","RecordName":"MLA","LOB":"Prime Broking","DateofArchival":"","Product":"LAS","SBU":"Prime Services","ProcessCompleteDate":"Wed Jan 16 16:57:16 IST 2019","WFCreatedate":"Wed Jan 16 16:00:49 IST 2019","TagDate":"Fri Jan 04 11:55:48 IST 2019","DispatchDate":"Wed Jan 16 17:04:25 IST 2019","UniqueId":"TestClientLAS","ScanDate":"Fri Jan 04 11:55:48 IST 2019","Client":"TestClient","Entity":"Edelweiss Financial Services (UK) Limited"}, {"Status":"In Progress","RecordName":"MLA","LOB":"Prime Broking","DateofArchival":"","Product":"LAS","SBU":"Prime Services","ProcessCompleteDate":"","WFCreatedate":"Wed Jan 16 16:01:50 IST 2019","TagDate":"Fri Jan 04 11:55:48 IST 2019","DispatchDate":"","UniqueId":"TestClientLAS","ScanDate":"Fri Jan 04 11:55:48 IST 2019","Client":"TestClient","Entity":"Edelweiss Securities (Hong Kong) Private Limited"}, {"Status":"In Progress","RecordName":"DPN","LOB":"Prime Broking","DateofArchival":"","Product":"LAS","SBU":"Prime Services","ProcessCompleteDate":"","WFCreatedate":"Wed Jan 16 17:43:04 IST 2019","TagDate":"Fri Jan 04 11:55:48 IST 2019","DispatchDate":"","UniqueId":"TestClientLAS","ScanDate":"Fri Jan 04 11:55:48 IST 2019","Client":"TestClient","Entity":"Edelweiss Financial Services Inc."}]::::Roster In Progress Count::::3
2019-01-17 10:23:18 INFO  Eventlogreport:51 - com.mits.edelweis.export.FileNetConnection@19033d
2019-01-17 10:23:18 INFO  FileNetConnection:90 - Encry :::::::pw21B6B1CE113C07DB5206279B2BF29DE6
2019-01-17 10:23:18 INFO  FileNetConnection:92 - decryptPW :::::::pwmits123$
2019-01-17 10:23:18 INFO  FileNetConnection:108 - true
2019-01-17 10:23:18 INFO  FileNetConnection:109 - VWSession=PECON
2019-01-17 10:23:18 INFO  FileNetConnection:110 - Log on succesful
2019-01-17 10:23:18 INFO  Eventlogreport:54 - createPEConnection+++++++PECON
2019-01-17 10:23:18 INFO  Eventlogreport:55 - this is session++++true
2019-01-17 10:23:18 INFO  Eventlogreport:58 - Before Event log
2019-01-17 10:23:18 INFO  Eventlogreport:71 - Log Element Count: 4
2019-01-17 10:23:18 INFO  Eventlogreport:81 - Client value:::::Test2
2019-01-17 10:23:18 INFO  Eventlogreport:101 - WF_Created date::::::::::::::01/16/2019 14:32:57
2019-01-17 10:23:18 INFO  Eventlogreport:102 - jsonObject::::::::::::::{"Status":"Archived","RecordName":"MLA","LOB":"Prime Broking","Product":"LAS","SBU":"Prime Services","UniqueId":"Test2LAS","Client":"Test2","Entity":"Edelweiss Custodial Services Limited"}
2019-01-17 10:23:18 INFO  Eventlogreport:139 - date value Wed Jan 16 14:32:57 IST 2019
2019-01-17 10:23:18 INFO  Eventlogreport:154 - JSONarray:::::[{"Status":"Archived","RecordName":"MLA","LOB":"Prime Broking","DateofArchival":"Wed Jan 16 00:00:00 IST 2019","Product":"LAS","SBU":"Prime Services","ProcessCompleteDate":"Wed Jan 16 14:40:04 IST 2019","WFCreatedate":"Wed Jan 16 14:32:57 IST 2019","TagDate":"Fri Jan 04 11:55:48 IST 2019","DispatchDate":"Wed Jan 16 14:42:09 IST 2019","UniqueId":"Test2LAS","ScanDate":"Fri Jan 04 11:55:48 IST 2019","Client":"Test2","Entity":"Edelweiss Custodial Services Limited"}]:::: event log Count::::
2019-01-17 10:23:18 INFO  Eventlogreport:81 - Client value:::::3
2019-01-17 10:23:18 INFO  Eventlogreport:81 - Client value:::::
2019-01-17 10:23:18 INFO  Eventlogreport:81 - Client value:::::
2019-01-17 10:23:18 INFO  EdelweissOperation:216 - Final JONarray:::::[{"Status":"Dispatched","RecordName":"MLA","LOB":"Prime Broking","DateofArchival":"","Product":"LAS","SBU":"Prime Services","ProcessCompleteDate":"Wed Jan 16 16:57:16 IST 2019","WFCreatedate":"Wed Jan 16 16:00:49 IST 2019","TagDate":"Fri Jan 04 11:55:48 IST 2019","DispatchDate":"Wed Jan 16 17:04:25 IST 2019","UniqueId":"TestClientLAS","ScanDate":"Fri Jan 04 11:55:48 IST 2019","Client":"TestClient","Entity":"Edelweiss Financial Services (UK) Limited"}, {"Status":"In Progress","RecordName":"MLA","LOB":"Prime Broking","DateofArchival":"","Product":"LAS","SBU":"Prime Services","ProcessCompleteDate":"","WFCreatedate":"Wed Jan 16 16:01:50 IST 2019","TagDate":"Fri Jan 04 11:55:48 IST 2019","DispatchDate":"","UniqueId":"TestClientLAS","ScanDate":"Fri Jan 04 11:55:48 IST 2019","Client":"TestClient","Entity":"Edelweiss Securities (Hong Kong) Private Limited"}, {"Status":"In Progress","RecordName":"DPN","LOB":"Prime Broking","DateofArchival":"","Product":"LAS","SBU":"Prime Services","ProcessCompleteDate":"","WFCreatedate":"Wed Jan 16 17:43:04 IST 2019","TagDate":"Fri Jan 04 11:55:48 IST 2019","DispatchDate":"","UniqueId":"TestClientLAS","ScanDate":"Fri Jan 04 11:55:48 IST 2019","Client":"TestClient","Entity":"Edelweiss Financial Services Inc."}, {"Status":"Archived","RecordName":"MLA","LOB":"Prime Broking","DateofArchival":"Wed Jan 16 00:00:00 IST 2019","Product":"LAS","SBU":"Prime Services","ProcessCompleteDate":"Wed Jan 16 14:40:04 IST 2019","WFCreatedate":"Wed Jan 16 14:32:57 IST 2019","TagDate":"Fri Jan 04 11:55:48 IST 2019","DispatchDate":"Wed Jan 16 14:42:09 IST 2019","UniqueId":"Test2LAS","ScanDate":"Fri Jan 04 11:55:48 IST 2019","Client":"Test2","Entity":"Edelweiss Custodial Services Limited"}]
2019-01-17 10:23:18 INFO  FinalReport:42 - ++++++++++++++++++++[{"Status":"Dispatched","RecordName":"MLA","LOB":"Prime Broking","DateofArchival":"","Product":"LAS","SBU":"Prime Services","ProcessCompleteDate":"Wed Jan 16 16:57:16 IST 2019","WFCreatedate":"Wed Jan 16 16:00:49 IST 2019","TagDate":"Fri Jan 04 11:55:48 IST 2019","DispatchDate":"Wed Jan 16 17:04:25 IST 2019","UniqueId":"TestClientLAS","ScanDate":"Fri Jan 04 11:55:48 IST 2019","Client":"TestClient","Entity":"Edelweiss Financial Services (UK) Limited"}, {"Status":"In Progress","RecordName":"MLA","LOB":"Prime Broking","DateofArchival":"","Product":"LAS","SBU":"Prime Services","ProcessCompleteDate":"","WFCreatedate":"Wed Jan 16 16:01:50 IST 2019","TagDate":"Fri Jan 04 11:55:48 IST 2019","DispatchDate":"","UniqueId":"TestClientLAS","ScanDate":"Fri Jan 04 11:55:48 IST 2019","Client":"TestClient","Entity":"Edelweiss Securities (Hong Kong) Private Limited"}, {"Status":"In Progress","RecordName":"DPN","LOB":"Prime Broking","DateofArchival":"","Product":"LAS","SBU":"Prime Services","ProcessCompleteDate":"","WFCreatedate":"Wed Jan 16 17:43:04 IST 2019","TagDate":"Fri Jan 04 11:55:48 IST 2019","DispatchDate":"","UniqueId":"TestClientLAS","ScanDate":"Fri Jan 04 11:55:48 IST 2019","Client":"TestClient","Entity":"Edelweiss Financial Services Inc."}, {"Status":"Archived","RecordName":"MLA","LOB":"Prime Broking","DateofArchival":"Wed Jan 16 00:00:00 IST 2019","Product":"LAS","SBU":"Prime Services","ProcessCompleteDate":"Wed Jan 16 14:40:04 IST 2019","WFCreatedate":"Wed Jan 16 14:32:57 IST 2019","TagDate":"Fri Jan 04 11:55:48 IST 2019","DispatchDate":"Wed Jan 16 14:42:09 IST 2019","UniqueId":"Test2LAS","ScanDate":"Fri Jan 04 11:55:48 IST 2019","Client":"Test2","Entity":"Edelweiss Custodial Services Limited"}]
2019-01-17 10:23:18 INFO  FinalReport:59 - Final json array object data:::::::::::::[{"Status":"Dispatched","RecordName":"MLA","LOB":"Prime Broking","DateofArchival":"","Product":"LAS","SBU":"Prime Services","ProcessCompleteDate":"Wed Jan 16 16:57:16 IST 2019","WFCreatedate":"Wed Jan 16 16:00:49 IST 2019","TagDate":"Fri Jan 04 11:55:48 IST 2019","DispatchDate":"Wed Jan 16 17:04:25 IST 2019","UniqueId":"TestClientLAS","ScanDate":"Fri Jan 04 11:55:48 IST 2019","Client":"TestClient","Entity":"Edelweiss Financial Services (UK) Limited"}, {"Status":"In Progress","RecordName":"MLA","LOB":"Prime Broking","DateofArchival":"","Product":"LAS","SBU":"Prime Services","ProcessCompleteDate":"","WFCreatedate":"Wed Jan 16 16:01:50 IST 2019","TagDate":"Fri Jan 04 11:55:48 IST 2019","DispatchDate":"","UniqueId":"TestClientLAS","ScanDate":"Fri Jan 04 11:55:48 IST 2019","Client":"TestClient","Entity":"Edelweiss Securities (Hong Kong) Private Limited"}, {"Status":"In Progress","RecordName":"DPN","LOB":"Prime Broking","DateofArchival":"","Product":"LAS","SBU":"Prime Services","ProcessCompleteDate":"","WFCreatedate":"Wed Jan 16 17:43:04 IST 2019","TagDate":"Fri Jan 04 11:55:48 IST 2019","DispatchDate":"","UniqueId":"TestClientLAS","ScanDate":"Fri Jan 04 11:55:48 IST 2019","Client":"TestClient","Entity":"Edelweiss Financial Services Inc."}, {"Status":"Archived","RecordName":"MLA","LOB":"Prime Broking","DateofArchival":"Wed Jan 16 00:00:00 IST 2019","Product":"LAS","SBU":"Prime Services","ProcessCompleteDate":"Wed Jan 16 14:40:04 IST 2019","WFCreatedate":"Wed Jan 16 14:32:57 IST 2019","TagDate":"Fri Jan 04 11:55:48 IST 2019","DispatchDate":"Wed Jan 16 14:42:09 IST 2019","UniqueId":"Test2LAS","ScanDate":"Fri Jan 04 11:55:48 IST 2019","Client":"Test2","Entity":"Edelweiss Custodial Services Limited"}]
2019-01-17 10:23:18 INFO  FinalReport:62 - Final json array object data[{"Status":"Dispatched","RecordName":"MLA","LOB":"Prime Broking","DateofArchival":"","Product":"LAS","SBU":"Prime Services","ProcessCompleteDate":"Wed Jan 16 16:57:16 IST 2019","WFCreatedate":"Wed Jan 16 16:00:49 IST 2019","TagDate":"Fri Jan 04 11:55:48 IST 2019","DispatchDate":"Wed Jan 16 17:04:25 IST 2019","UniqueId":"TestClientLAS","ScanDate":"Fri Jan 04 11:55:48 IST 2019","Client":"TestClient","Entity":"Edelweiss Financial Services (UK) Limited"}, {"Status":"In Progress","RecordName":"MLA","LOB":"Prime Broking","DateofArchival":"","Product":"LAS","SBU":"Prime Services","ProcessCompleteDate":"","WFCreatedate":"Wed Jan 16 16:01:50 IST 2019","TagDate":"Fri Jan 04 11:55:48 IST 2019","DispatchDate":"","UniqueId":"TestClientLAS","ScanDate":"Fri Jan 04 11:55:48 IST 2019","Client":"TestClient","Entity":"Edelweiss Securities (Hong Kong) Private Limited"}, {"Status":"In Progress","RecordName":"DPN","LOB":"Prime Broking","DateofArchival":"","Product":"LAS","SBU":"Prime Services","ProcessCompleteDate":"","WFCreatedate":"Wed Jan 16 17:43:04 IST 2019","TagDate":"Fri Jan 04 11:55:48 IST 2019","DispatchDate":"","UniqueId":"TestClientLAS","ScanDate":"Fri Jan 04 11:55:48 IST 2019","Client":"TestClient","Entity":"Edelweiss Financial Services Inc."}, {"Status":"Archived","RecordName":"MLA","LOB":"Prime Broking","DateofArchival":"Wed Jan 16 00:00:00 IST 2019","Product":"LAS","SBU":"Prime Services","ProcessCompleteDate":"Wed Jan 16 14:40:04 IST 2019","WFCreatedate":"Wed Jan 16 14:32:57 IST 2019","TagDate":"Fri Jan 04 11:55:48 IST 2019","DispatchDate":"Wed Jan 16 14:42:09 IST 2019","UniqueId":"Test2LAS","ScanDate":"Fri Jan 04 11:55:48 IST 2019","Client":"Test2","Entity":"Edelweiss Custodial Services Limited"}]
2019-01-17 10:23:18 INFO  FinalReport:72 - status of work item:::Dispatched
2019-01-17 10:23:18 INFO  FinalReport:72 - status of work item:::In Progress
2019-01-17 10:23:18 INFO  FinalReport:72 - status of work item:::In Progress
2019-01-17 10:23:18 INFO  FinalReport:72 - status of work item:::Archived
2019-01-17 10:23:18 INFO  FinalReport:89 - nextPending
2019-01-17 10:23:18 INFO  FinalReport:108 - Status of count :::::::::::::::::::::::Status.Pending
2019-01-17 10:23:18 INFO  FinalReport:89 - nextIn Progress
2019-01-17 10:23:18 INFO  FinalReport:108 - Status of count :::::::::::::::::::::::Status.In Progress
2019-01-17 10:23:18 INFO  FinalReport:89 - nextPending for dispatch
2019-01-17 10:23:18 INFO  FinalReport:108 - Status of count :::::::::::::::::::::::Status.Pending for dispatch
2019-01-17 10:23:18 INFO  FinalReport:89 - nextDispatched
2019-01-17 10:23:18 INFO  FinalReport:108 - Status of count :::::::::::::::::::::::Status.Dispatched
2019-01-17 10:23:18 INFO  FinalReport:89 - nextArchived
2019-01-17 10:23:18 INFO  FinalReport:108 - Status of count :::::::::::::::::::::::Status.Archived
2019-01-17 10:23:18 INFO  Mailcomponenet:38 - Entered into sendEmailTemplate method in SendMail Class
2019-01-17 10:23:18 INFO  Mailcomponenet:97 - Sending
2019-01-17 10:23:22 INFO  Mailcomponenet:100 - Done
2019-01-17 10:23:22 INFO  Mailcomponenet:103 - message sent....
2019-01-17 10:23:22 INFO  Mailcomponenet:126 - Ended into sendEmailTemplate method in SendMail Class
